Exporter version: 5.6.4, Blender version: 2.79 (sub 0)
========= Conversion from Blender to Babylon.js =========
	Scene settings used :
		export scope        :  SELECTED
		inline textures     :  true
		Positions Precision :  4
		Normals Precision   :  3
		UVs Precision       :  3
		Vert Color Precision:  3
		Mat Weight Precision:  2
	Python World class constructor completed
	processing begun of skeleton:  rig_BMR-Orang, id:  0
		processing begun of bone:  root, index:  0
		processing begun of bone:  torso, index:  1
		processing begun of bone:  chest, index:  2
		processing begun of bone:  MCH-sub_chest, index:  3
		processing begun of bone:  hips, index:  4
		processing begun of bone:  MCH-sub_hips, index:  5
		processing begun of bone:  MCH-hips.flex_s, index:  6
		processing begun of bone:  MCH-hips.flex, index:  7
		processing begun of bone:  MCH-hips.reverse, index:  8
		processing begun of bone:  MCH-par_spine, index:  9
		processing begun of bone:  spine, index:  10
		processing begun of bone:  MCH-sub_spine, index:  11
		processing begun of bone:  MCH-spine.flex_s, index:  12
		processing begun of bone:  MCH-spine.flex, index:  13
		processing begun of bone:  MCH-chest.flex_s, index:  14
		processing begun of bone:  MCH-chest.flex, index:  15
		processing begun of bone:  MCH-spine.reverse, index:  16
		processing begun of bone:  MCH-chest.reverse, index:  17
		processing begun of bone:  ORG-hips, index:  18
		processing begun of bone:  ORG-spine, index:  19
		processing begun of bone:  ORG-chest, index:  20
		processing begun of bone:  MCH-head.socket1, index:  21
		processing begun of bone:  shoulder.L, index:  22
		processing begun of bone:  ORG-shoulder.L, index:  23
		processing begun of bone:  DEF-shoulder.L, index:  24
		processing begun of bone:  MCH-shoulder_rh_ns_intr.L, index:  25
		processing begun of bone:  MCH-shoulder_fk_ns_intr.L, index:  26
		processing begun of bone:  MCH-shoulder_ik_ns_intr.L, index:  27
		processing begun of bone:  shoulder.R, index:  28
		processing begun of bone:  ORG-shoulder.R, index:  29
		processing begun of bone:  DEF-shoulder.R, index:  30
		processing begun of bone:  MCH-shoulder_rh_ns_intr.R, index:  31
		processing begun of bone:  MCH-shoulder_fk_ns_intr.R, index:  32
		processing begun of bone:  MCH-shoulder_ik_ns_intr.R, index:  33
		processing begun of bone:  DEF-chest, index:  34
		processing begun of bone:  DEF-spine, index:  35
		processing begun of bone:  MCH-hips_rh_ns_intr, index:  36
		processing begun of bone:  MCH-hips_fk_ns_intr, index:  37
		processing begun of bone:  MCH-hips_ik_ns_intr, index:  38
		processing begun of bone:  MCH-hips_rh_ns_intr.001, index:  39
		processing begun of bone:  MCH-hips_fk_ns_intr.001, index:  40
		processing begun of bone:  MCH-hips_ik_ns_intr.001, index:  41
		processing begun of bone:  MCH-shoulder_ik_ns_ch.R, index:  42
		processing begun of bone:  MCH-shoulder_fk_ns_ch.R, index:  43
		processing begun of bone:  MCH-upper_arm.fk.R.socket1, index:  44
		processing begun of bone:  MCH-upper_arm.fk.R.socket2, index:  45
		processing begun of bone:  upper_arm.fk.R, index:  46
		processing begun of bone:  MCH-upper_arm_antistr.fk.R, index:  47
		processing begun of bone:  forearm.fk.R, index:  48
		processing begun of bone:  MCH-forearm_antistr.fk.R, index:  49
		processing begun of bone:  hand.fk.R, index:  50
		processing begun of bone:  MCH-hand.R, index:  51
		processing begun of bone:  hand.ik.R, index:  52
		processing begun of bone:  MCH-hand.R.001, index:  53
		processing begun of bone:  MCH-shoulder_rh_ns_ch.R, index:  54
		processing begun of bone:  MCH-upper_arm_hose_end_p.R, index:  55
		processing begun of bone:  upper_arm_hose_end.R, index:  56
		processing begun of bone:  MCH-shoulder_ik_ns_ch.L, index:  57
		processing begun of bone:  MCH-shoulder_fk_ns_ch.L, index:  58
		processing begun of bone:  MCH-upper_arm.fk.L.socket1, index:  59
		processing begun of bone:  MCH-upper_arm.fk.L.socket2, index:  60
		processing begun of bone:  upper_arm.fk.L, index:  61
		processing begun of bone:  MCH-upper_arm_antistr.fk.L, index:  62
		processing begun of bone:  forearm.fk.L, index:  63
		processing begun of bone:  MCH-forearm_antistr.fk.L, index:  64
		processing begun of bone:  hand.fk.L, index:  65
		processing begun of bone:  MCH-hand.L, index:  66
		processing begun of bone:  hand.ik.L, index:  67
		processing begun of bone:  MCH-hand.L.001, index:  68
		processing begun of bone:  MCH-shoulder_rh_ns_ch.L, index:  69
		processing begun of bone:  MCH-upper_arm_hose_end_p.L, index:  70
		processing begun of bone:  upper_arm_hose_end.L, index:  71
		processing begun of bone:  MCH-head.socket2, index:  72
		processing begun of bone:  head, index:  73
		processing begun of bone:  MCH-neck.follow, index:  74
		processing begun of bone:  neck, index:  75
		processing begun of bone:  MCH-neck.child, index:  76
		processing begun of bone:  MCH-head, index:  77
		processing begun of bone:  MCH-neck.02, index:  78
		processing begun of bone:  MCH-neck, index:  79
		processing begun of bone:  ORG-neck, index:  80
		processing begun of bone:  DEF-neck, index:  81
		processing begun of bone:  MCH-head.02, index:  82
		processing begun of bone:  MCH-head.001, index:  83
		processing begun of bone:  ORG-head, index:  84
		processing begun of bone:  DEF-head, index:  85
		processing begun of bone:  DEF-hips, index:  86
		processing begun of bone:  MCH-hips_rh_ns_ch, index:  87
		processing begun of bone:  MCH-thigh_hose_end_p.L, index:  88
		processing begun of bone:  thigh_hose_end.L, index:  89
		processing begun of bone:  MCH-hips_fk_ns_ch, index:  90
		processing begun of bone:  MCH-thigh.fk.L.socket1, index:  91
		processing begun of bone:  MCH-thigh.fk.L.socket2, index:  92
		processing begun of bone:  thigh.fk.L, index:  93
		processing begun of bone:  MCH-thigh_antistr.fk.L, index:  94
		processing begun of bone:  shin.fk.L, index:  95
		processing begun of bone:  MCH-shin_antistr.fk.L, index:  96
		processing begun of bone:  foot.fk.L, index:  97
		processing begun of bone:  MCH-foot.L, index:  98
		processing begun of bone:  foot.ik.L, index:  99
		processing begun of bone:  MCH-foot.L.rocker.01, index:  100
		processing begun of bone:  MCH-foot.L.rocker.02, index:  101
		processing begun of bone:  MCH-foot.L.roll.01, index:  102
		processing begun of bone:  MCH-foot.L.roll.02, index:  103
		processing begun of bone:  MCH-foot.L.001, index:  104
		processing begun of bone:  foot_roll.ik.L, index:  105
		processing begun of bone:  MCH-knee_target.ik_parent.L, index:  106
		processing begun of bone:  knee_target.ik.L, index:  107
		processing begun of bone:  MCH-hips_ik_ns_ch, index:  108
		processing begun of bone:  MCH-thigh.nostr.ik.L, index:  109
		processing begun of bone:  MCH-shin.nostr.ik.L, index:  110
		processing begun of bone:  MCH-thigh.ik.L, index:  111
		processing begun of bone:  MCH-shin.ik.L, index:  112
		processing begun of bone:  MCH-thigh.stretch.ik.L, index:  113
		processing begun of bone:  ORG-thigh.L, index:  114
		processing begun of bone:  MCH-shin.stretch.ik.L, index:  115
		processing begun of bone:  ORG-shin.L, index:  116
		processing begun of bone:  ORG-heel.L, index:  117
		processing begun of bone:  ORG-heel.02.L, index:  118
		processing begun of bone:  MCH-shin.junc.L, index:  119
		processing begun of bone:  MCH-knee_hose_p.L, index:  120
		processing begun of bone:  knee_hose.L, index:  121
		processing begun of bone:  MCH-thigh_hose_p.L, index:  122
		processing begun of bone:  thigh_hose.L, index:  123
		processing begun of bone:  DEF-thigh.01.L, index:  124
		processing begun of bone:  DEF-thigh.02.L, index:  125
		processing begun of bone:  ORG-foot.L, index:  126
		processing begun of bone:  DEF-foot.L, index:  127
		processing begun of bone:  MCH-toe.L.socket2, index:  128
		processing begun of bone:  MCH-toe.L.socket1, index:  129
		processing begun of bone:  MCH-toe.L.parent, index:  130
		processing begun of bone:  toe.L, index:  131
		processing begun of bone:  ORG-toe.L, index:  132
		processing begun of bone:  DEF-toe.L, index:  133
		processing begun of bone:  MCH-shin_hose_p.L, index:  134
		processing begun of bone:  shin_hose.L, index:  135
		processing begun of bone:  MCH-shin.01.L, index:  136
		processing begun of bone:  MCH-shin_smth.01.L, index:  137
		processing begun of bone:  DEF-shin.01.L, index:  138
		processing begun of bone:  MCH-thigh_smth.02.L, index:  139
		processing begun of bone:  MCH-shin_hose_end_p.L, index:  140
		processing begun of bone:  shin_hose_end.L, index:  141
		processing begun of bone:  DEF-shin.02.L, index:  142
		processing begun of bone:  VIS-foot.ik.L, index:  143
		processing begun of bone:  VIS-thigh_pole.ik.L, index:  144
		processing begun of bone:  MCH-hips_rh_ns_ch.001, index:  145
		processing begun of bone:  MCH-thigh_hose_end_p.R, index:  146
		processing begun of bone:  thigh_hose_end.R, index:  147
		processing begun of bone:  MCH-hips_fk_ns_ch.001, index:  148
		processing begun of bone:  MCH-thigh.fk.R.socket1, index:  149
		processing begun of bone:  MCH-thigh.fk.R.socket2, index:  150
		processing begun of bone:  thigh.fk.R, index:  151
		processing begun of bone:  MCH-thigh_antistr.fk.R, index:  152
		processing begun of bone:  shin.fk.R, index:  153
		processing begun of bone:  MCH-shin_antistr.fk.R, index:  154
		processing begun of bone:  foot.fk.R, index:  155
		processing begun of bone:  MCH-foot.R, index:  156
		processing begun of bone:  foot.ik.R, index:  157
		processing begun of bone:  MCH-foot.R.rocker.01, index:  158
		processing begun of bone:  MCH-foot.R.rocker.02, index:  159
		processing begun of bone:  MCH-foot.R.roll.01, index:  160
		processing begun of bone:  MCH-foot.R.roll.02, index:  161
		processing begun of bone:  MCH-foot.R.001, index:  162
		processing begun of bone:  foot_roll.ik.R, index:  163
		processing begun of bone:  MCH-knee_target.ik_parent.R, index:  164
		processing begun of bone:  knee_target.ik.R, index:  165
		processing begun of bone:  MCH-hips_ik_ns_ch.001, index:  166
		processing begun of bone:  MCH-thigh.nostr.ik.R, index:  167
		processing begun of bone:  MCH-shin.nostr.ik.R, index:  168
		processing begun of bone:  MCH-thigh.ik.R, index:  169
		processing begun of bone:  MCH-shin.ik.R, index:  170
		processing begun of bone:  MCH-thigh.stretch.ik.R, index:  171
		processing begun of bone:  ORG-thigh.R, index:  172
		processing begun of bone:  MCH-shin.stretch.ik.R, index:  173
		processing begun of bone:  ORG-shin.R, index:  174
		processing begun of bone:  ORG-heel.R, index:  175
		processing begun of bone:  ORG-heel.02.R, index:  176
		processing begun of bone:  MCH-shin.junc.R, index:  177
		processing begun of bone:  MCH-knee_hose_p.R, index:  178
		processing begun of bone:  knee_hose.R, index:  179
		processing begun of bone:  MCH-thigh_hose_p.R, index:  180
		processing begun of bone:  thigh_hose.R, index:  181
		processing begun of bone:  DEF-thigh.01.R, index:  182
		processing begun of bone:  DEF-thigh.02.R, index:  183
		processing begun of bone:  ORG-foot.R, index:  184
		processing begun of bone:  DEF-foot.R, index:  185
		processing begun of bone:  MCH-toe.R.socket2, index:  186
		processing begun of bone:  MCH-toe.R.socket1, index:  187
		processing begun of bone:  MCH-toe.R.parent, index:  188
		processing begun of bone:  toe.R, index:  189
		processing begun of bone:  ORG-toe.R, index:  190
		processing begun of bone:  DEF-toe.R, index:  191
		processing begun of bone:  MCH-shin_hose_p.R, index:  192
		processing begun of bone:  shin_hose.R, index:  193
		processing begun of bone:  MCH-shin.01.R, index:  194
		processing begun of bone:  MCH-shin_smth.01.R, index:  195
		processing begun of bone:  DEF-shin.01.R, index:  196
		processing begun of bone:  MCH-thigh_smth.02.R, index:  197
		processing begun of bone:  MCH-shin_hose_end_p.R, index:  198
		processing begun of bone:  shin_hose_end.R, index:  199
		processing begun of bone:  DEF-shin.02.R, index:  200
		processing begun of bone:  VIS-foot.ik.R, index:  201
		processing begun of bone:  VIS-thigh_pole.ik.R, index:  202
		processing begun of bone:  MCH-elbow_target.ik_parent.L, index:  203
		processing begun of bone:  elbow_target.ik.L, index:  204
		processing begun of bone:  MCH-upper_arm.nostr.ik.L, index:  205
		processing begun of bone:  MCH-upper_arm.ik.L, index:  206
		processing begun of bone:  MCH-upper_arm.stretch.ik.L, index:  207
		processing begun of bone:  ORG-upper_arm.L, index:  208
		processing begun of bone:  MCH-forearm.nostr.ik.L, index:  209
		processing begun of bone:  MCH-forearm.ik.L, index:  210
		processing begun of bone:  MCH-forearm.stretch.ik.L, index:  211
		processing begun of bone:  ORG-forearm.L, index:  212
		processing begun of bone:  MCH-forearm.junc.L, index:  213
		processing begun of bone:  MCH-elbow_hose_p.L, index:  214
		processing begun of bone:  elbow_hose.L, index:  215
		processing begun of bone:  MCH-upper_arm_hose_p.L, index:  216
		processing begun of bone:  upper_arm_hose.L, index:  217
		processing begun of bone:  DEF-upper_arm.01.L, index:  218
		processing begun of bone:  DEF-upper_arm.02.L, index:  219
		processing begun of bone:  ORG-hand.L, index:  220
		processing begun of bone:  DEF-hand.L, index:  221
		processing begun of bone:  palm.L, index:  222
		processing begun of bone:  ORG-palm.01.L, index:  223
		processing begun of bone:  DEF-palm.01.L, index:  224
		processing begun of bone:  f_index.L, index:  225
		processing begun of bone:  MCH-f_index.01.L, index:  226
		processing begun of bone:  f_index.01.L, index:  227
		processing begun of bone:  MCH-f_index.02.L, index:  228
		processing begun of bone:  f_index.02.L, index:  229
		processing begun of bone:  MCH-f_index.03.L, index:  230
		processing begun of bone:  f_index.03.L, index:  231
		processing begun of bone:  ORG-f_index.01.L, index:  232
		processing begun of bone:  DEF-f_index.01.L.02, index:  233
		processing begun of bone:  MCH-f_index.01.L.tip, index:  234
		processing begun of bone:  ORG-f_index.02.L, index:  235
		processing begun of bone:  DEF-f_index.02.L, index:  236
		processing begun of bone:  ORG-f_index.03.L, index:  237
		processing begun of bone:  DEF-f_index.03.L, index:  238
		processing begun of bone:  DEF-f_index.01.L.01, index:  239
		processing begun of bone:  thumb.L, index:  240
		processing begun of bone:  MCH-thumb.01.L, index:  241
		processing begun of bone:  thumb.01.L, index:  242
		processing begun of bone:  MCH-thumb.02.L, index:  243
		processing begun of bone:  thumb.02.L, index:  244
		processing begun of bone:  MCH-thumb.03.L, index:  245
		processing begun of bone:  thumb.03.L, index:  246
		processing begun of bone:  ORG-thumb.01.L, index:  247
		processing begun of bone:  DEF-thumb.01.L.02, index:  248
		processing begun of bone:  MCH-thumb.01.L.tip, index:  249
		processing begun of bone:  ORG-thumb.02.L, index:  250
		processing begun of bone:  DEF-thumb.02.L, index:  251
		processing begun of bone:  ORG-thumb.03.L, index:  252
		processing begun of bone:  DEF-thumb.03.L, index:  253
		processing begun of bone:  DEF-thumb.01.L.01, index:  254
		processing begun of bone:  ORG-palm.02.L, index:  255
		processing begun of bone:  DEF-palm.02.L, index:  256
		processing begun of bone:  f_middle.L, index:  257
		processing begun of bone:  MCH-f_middle.01.L, index:  258
		processing begun of bone:  f_middle.01.L, index:  259
		processing begun of bone:  MCH-f_middle.02.L, index:  260
		processing begun of bone:  f_middle.02.L, index:  261
		processing begun of bone:  MCH-f_middle.03.L, index:  262
		processing begun of bone:  f_middle.03.L, index:  263
		processing begun of bone:  ORG-f_middle.01.L, index:  264
		processing begun of bone:  DEF-f_middle.01.L.02, index:  265
		processing begun of bone:  MCH-f_middle.01.L.tip, index:  266
		processing begun of bone:  ORG-f_middle.02.L, index:  267
		processing begun of bone:  DEF-f_middle.02.L, index:  268
		processing begun of bone:  ORG-f_middle.03.L, index:  269
		processing begun of bone:  DEF-f_middle.03.L, index:  270
		processing begun of bone:  DEF-f_middle.01.L.01, index:  271
		processing begun of bone:  ORG-palm.03.L, index:  272
		processing begun of bone:  DEF-palm.03.L, index:  273
		processing begun of bone:  f_ring.L, index:  274
		processing begun of bone:  MCH-f_ring.01.L, index:  275
		processing begun of bone:  f_ring.01.L, index:  276
		processing begun of bone:  MCH-f_ring.02.L, index:  277
		processing begun of bone:  f_ring.02.L, index:  278
		processing begun of bone:  MCH-f_ring.03.L, index:  279
		processing begun of bone:  f_ring.03.L, index:  280
		processing begun of bone:  ORG-f_ring.01.L, index:  281
		processing begun of bone:  DEF-f_ring.01.L.02, index:  282
		processing begun of bone:  MCH-f_ring.01.L.tip, index:  283
		processing begun of bone:  ORG-f_ring.02.L, index:  284
		processing begun of bone:  DEF-f_ring.02.L, index:  285
		processing begun of bone:  ORG-f_ring.03.L, index:  286
		processing begun of bone:  DEF-f_ring.03.L, index:  287
		processing begun of bone:  DEF-f_ring.01.L.01, index:  288
		processing begun of bone:  ORG-palm.04.L, index:  289
		processing begun of bone:  DEF-palm.04.L, index:  290
		processing begun of bone:  f_pinky.L, index:  291
		processing begun of bone:  MCH-f_pinky.01.L, index:  292
		processing begun of bone:  f_pinky.01.L, index:  293
		processing begun of bone:  MCH-f_pinky.02.L, index:  294
		processing begun of bone:  f_pinky.02.L, index:  295
		processing begun of bone:  MCH-f_pinky.03.L, index:  296
		processing begun of bone:  f_pinky.03.L, index:  297
		processing begun of bone:  ORG-f_pinky.01.L, index:  298
		processing begun of bone:  DEF-f_pinky.01.L.02, index:  299
		processing begun of bone:  MCH-f_pinky.01.L.tip, index:  300
		processing begun of bone:  ORG-f_pinky.02.L, index:  301
		processing begun of bone:  DEF-f_pinky.02.L, index:  302
		processing begun of bone:  ORG-f_pinky.03.L, index:  303
		processing begun of bone:  DEF-f_pinky.03.L, index:  304
		processing begun of bone:  DEF-f_pinky.01.L.01, index:  305
		processing begun of bone:  MCH-forearm_hose_p.L, index:  306
		processing begun of bone:  forearm_hose.L, index:  307
		processing begun of bone:  MCH-forearm.01.L, index:  308
		processing begun of bone:  MCH-forearm_smth.01.L, index:  309
		processing begun of bone:  DEF-forearm.01.L, index:  310
		processing begun of bone:  MCH-upper_arm_smth.02.L, index:  311
		processing begun of bone:  MCH-forearm_hose_end_p.L, index:  312
		processing begun of bone:  forearm_hose_end.L, index:  313
		processing begun of bone:  DEF-forearm.02.L, index:  314
		processing begun of bone:  VIS-hand.ik.L, index:  315
		processing begun of bone:  VIS-upper_arm_pole.ik.L, index:  316
		processing begun of bone:  MCH-elbow_target.ik_parent.R, index:  317
		processing begun of bone:  elbow_target.ik.R, index:  318
		processing begun of bone:  MCH-upper_arm.nostr.ik.R, index:  319
		processing begun of bone:  MCH-upper_arm.ik.R, index:  320
		processing begun of bone:  MCH-upper_arm.stretch.ik.R, index:  321
		processing begun of bone:  ORG-upper_arm.R, index:  322
		processing begun of bone:  MCH-forearm.nostr.ik.R, index:  323
		processing begun of bone:  MCH-forearm.ik.R, index:  324
		processing begun of bone:  MCH-forearm.stretch.ik.R, index:  325
		processing begun of bone:  ORG-forearm.R, index:  326
		processing begun of bone:  MCH-forearm.junc.R, index:  327
		processing begun of bone:  MCH-elbow_hose_p.R, index:  328
		processing begun of bone:  elbow_hose.R, index:  329
		processing begun of bone:  MCH-upper_arm_hose_p.R, index:  330
		processing begun of bone:  upper_arm_hose.R, index:  331
		processing begun of bone:  DEF-upper_arm.01.R, index:  332
		processing begun of bone:  DEF-upper_arm.02.R, index:  333
		processing begun of bone:  ORG-hand.R, index:  334
		processing begun of bone:  DEF-hand.R, index:  335
		processing begun of bone:  palm.R, index:  336
		processing begun of bone:  ORG-palm.01.R, index:  337
		processing begun of bone:  DEF-palm.01.R, index:  338
		processing begun of bone:  f_index.R, index:  339
		processing begun of bone:  MCH-f_index.01.R, index:  340
		processing begun of bone:  f_index.01.R, index:  341
		processing begun of bone:  MCH-f_index.02.R, index:  342
		processing begun of bone:  f_index.02.R, index:  343
		processing begun of bone:  MCH-f_index.03.R, index:  344
		processing begun of bone:  f_index.03.R, index:  345
		processing begun of bone:  ORG-f_index.01.R, index:  346
		processing begun of bone:  DEF-f_index.01.R.02, index:  347
		processing begun of bone:  MCH-f_index.01.R.tip, index:  348
		processing begun of bone:  ORG-f_index.02.R, index:  349
		processing begun of bone:  DEF-f_index.02.R, index:  350
		processing begun of bone:  ORG-f_index.03.R, index:  351
		processing begun of bone:  DEF-f_index.03.R, index:  352
		processing begun of bone:  DEF-f_index.01.R.01, index:  353
		processing begun of bone:  thumb.R, index:  354
		processing begun of bone:  MCH-thumb.01.R, index:  355
		processing begun of bone:  thumb.01.R, index:  356
		processing begun of bone:  MCH-thumb.02.R, index:  357
		processing begun of bone:  thumb.02.R, index:  358
		processing begun of bone:  MCH-thumb.03.R, index:  359
		processing begun of bone:  thumb.03.R, index:  360
		processing begun of bone:  ORG-thumb.01.R, index:  361
		processing begun of bone:  DEF-thumb.01.R.02, index:  362
		processing begun of bone:  MCH-thumb.01.R.tip, index:  363
		processing begun of bone:  ORG-thumb.02.R, index:  364
		processing begun of bone:  DEF-thumb.02.R, index:  365
		processing begun of bone:  ORG-thumb.03.R, index:  366
		processing begun of bone:  DEF-thumb.03.R, index:  367
		processing begun of bone:  DEF-thumb.01.R.01, index:  368
		processing begun of bone:  ORG-palm.02.R, index:  369
		processing begun of bone:  DEF-palm.02.R, index:  370
		processing begun of bone:  f_middle.R, index:  371
		processing begun of bone:  MCH-f_middle.01.R, index:  372
		processing begun of bone:  f_middle.01.R, index:  373
		processing begun of bone:  MCH-f_middle.02.R, index:  374
		processing begun of bone:  f_middle.02.R, index:  375
		processing begun of bone:  MCH-f_middle.03.R, index:  376
		processing begun of bone:  f_middle.03.R, index:  377
		processing begun of bone:  ORG-f_middle.01.R, index:  378
		processing begun of bone:  DEF-f_middle.01.R.02, index:  379
		processing begun of bone:  MCH-f_middle.01.R.tip, index:  380
		processing begun of bone:  ORG-f_middle.02.R, index:  381
		processing begun of bone:  DEF-f_middle.02.R, index:  382
		processing begun of bone:  ORG-f_middle.03.R, index:  383
		processing begun of bone:  DEF-f_middle.03.R, index:  384
		processing begun of bone:  DEF-f_middle.01.R.01, index:  385
		processing begun of bone:  ORG-palm.03.R, index:  386
		processing begun of bone:  DEF-palm.03.R, index:  387
		processing begun of bone:  f_ring.R, index:  388
		processing begun of bone:  MCH-f_ring.01.R, index:  389
		processing begun of bone:  f_ring.01.R, index:  390
		processing begun of bone:  MCH-f_ring.02.R, index:  391
		processing begun of bone:  f_ring.02.R, index:  392
		processing begun of bone:  MCH-f_ring.03.R, index:  393
		processing begun of bone:  f_ring.03.R, index:  394
		processing begun of bone:  ORG-f_ring.01.R, index:  395
		processing begun of bone:  DEF-f_ring.01.R.02, index:  396
		processing begun of bone:  MCH-f_ring.01.R.tip, index:  397
		processing begun of bone:  ORG-f_ring.02.R, index:  398
		processing begun of bone:  DEF-f_ring.02.R, index:  399
		processing begun of bone:  ORG-f_ring.03.R, index:  400
		processing begun of bone:  DEF-f_ring.03.R, index:  401
		processing begun of bone:  DEF-f_ring.01.R.01, index:  402
		processing begun of bone:  ORG-palm.04.R, index:  403
		processing begun of bone:  DEF-palm.04.R, index:  404
		processing begun of bone:  f_pinky.R, index:  405
		processing begun of bone:  MCH-f_pinky.01.R, index:  406
		processing begun of bone:  f_pinky.01.R, index:  407
		processing begun of bone:  MCH-f_pinky.02.R, index:  408
		processing begun of bone:  f_pinky.02.R, index:  409
		processing begun of bone:  MCH-f_pinky.03.R, index:  410
		processing begun of bone:  f_pinky.03.R, index:  411
		processing begun of bone:  ORG-f_pinky.01.R, index:  412
		processing begun of bone:  DEF-f_pinky.01.R.02, index:  413
		processing begun of bone:  MCH-f_pinky.01.R.tip, index:  414
		processing begun of bone:  ORG-f_pinky.02.R, index:  415
		processing begun of bone:  DEF-f_pinky.02.R, index:  416
		processing begun of bone:  ORG-f_pinky.03.R, index:  417
		processing begun of bone:  DEF-f_pinky.03.R, index:  418
		processing begun of bone:  DEF-f_pinky.01.R.01, index:  419
		processing begun of bone:  MCH-forearm_hose_p.R, index:  420
		processing begun of bone:  forearm_hose.R, index:  421
		processing begun of bone:  MCH-forearm.01.R, index:  422
		processing begun of bone:  MCH-forearm_smth.01.R, index:  423
		processing begun of bone:  DEF-forearm.01.R, index:  424
		processing begun of bone:  MCH-upper_arm_smth.02.R, index:  425
		processing begun of bone:  MCH-forearm_hose_end_p.R, index:  426
		processing begun of bone:  forearm_hose_end.R, index:  427
		processing begun of bone:  DEF-forearm.02.R, index:  428
		processing begun of bone:  VIS-hand.ik.R, index:  429
		processing begun of bone:  VIS-upper_arm_pole.ik.R, index:  430
		processing action finger_bend:  in[1 - 21], out[0 - 21]
		processing action WalkCycle:  in[1 - 25], out[30 - 55]
	processing begun of mesh:  Mesh_BMR-Orang
		processing begun of Standard material:  wire
		processing begun of Standard material:  white
		processing begun of Standard material:  body-orang
		processing begun of multimaterial:  newPlayer.Multimaterial#0
		num positions      :  15210
		num normals        :  15210
		num uvs            :  0
		num uvs2           :  0
		num colors         :  0
		num indices        :  89088
		Skeleton stats:  
			Total Influencers:  22949
			Avg # of influencers per vertex:  1.5088
			Highest # of influencers observed:  5, num vertices with this:  220
			exported as 5 influencers
			num skeletonWeights and skeletonIndices:  121680
========= Writing of scene file started =========
========= Writing of scene file completed =========
========= end of processing =========
elapsed time:  1 min, 58.2668 secs
